<?xml version="1.0" encoding="UTF-8"?>
<testsuite xmlns:xsi="http://www.w3.org/2001/XMLSchema-instance" xsi:noNamespaceSchemaLocation="https://maven.apache.org/surefire/maven-surefire-plugin/xsd/surefire-test-report.xsd" version="3.0.2" name="mx.edu.backendacademico.BackendAcademicoApplicationTests" time="2.834" tests="1" errors="0" skipped="0" failures="0" flakes="0">
  <properties>
[...]
</properties>
  <testcase name="contextLoads" classname="mx.edu.backendacademico.BackendAcademicoApplicationTests" time="0.784">
    <system-out><![CDATA[15:29:33.985 [main] INFO org.springframework.test.context.support.AnnotationConfigContextLoaderUtils -- Could not detect default configuration classes for test class [mx.edu.backendacademico.BackendAcademicoApplicationTests]: BackendAcademicoApplicationTests does not declare any static, non-private, non-final, nested classes annotated with @Configuration.
15:29:34.123 [main] INFO org.springframework.boot.test.context.SpringBootTestContextBootstrapper -- Found @SpringBootConfiguration mx.edu.backendacademico.BackendAcademicoApplication for test class mx.edu.backendacademico.BackendAcademicoApplicationTests
15:29:34.222 [main] INFO org.springframework.test.context.support.AnnotationConfigContextLoaderUtils -- Could not detect default configuration classes for test class [mx.edu.backendacademico.BackendAcademicoApplicationTests]: BackendAcademicoApplicationTests does not declare any static, non-private, non-final, nested classes annotated with @Configuration.
15:29:34.223 [main] INFO org.springframework.boot.test.context.SpringBootTestContextBootstrapper -- Found @SpringBootConfiguration mx.edu.backendacademico.BackendAcademicoApplication for test class mx.edu.backendacademico.BackendAcademicoApplicationTests

  .   ____          _            __ _ _
 /\\ / ___'_ __ _ _(_)_ __  __ _ \ \ \ \
( ( )\___ | '_ | '_| | '_ \/ _` | \ \ \ \
 \\/  ___)| |_)| | | | | || (_| |  ) ) ) )
  '  |____| .__|_| |_|_| |_\__, | / / / /
 =========|_|==============|___/=/_/_/_/

 :: Spring Boot ::                (v4.1.0)

2026-09-25T15:29:34.613-06:00  INFO 13908 --- [backend-academico] [           main] m.e.b.BackendAcademicoApplicationTests   : Starting BackendAcademicoApplicationTests using Java 25.0.4.1 with PID 13908 (started by Leonardo in C:\Users\Leonardo\Documents\FCFM\Back-END\U01\inicio)
2026-09-25T15:29:34.615-06:00  INFO 13908 --- [backend-academico] [           main] m.e.b.BackendAcademicoApplicationTests   : No active profile set, falling back to 1 default profile: "default"
2026-09-25T15:29:35.803-06:00  INFO 13908 --- [backend-academico] [           main] m.e.b.BackendAcademicoApplicationTests   : Started BackendAcademicoApplicationTests in 1.48 seconds (process running for 2.838)
]]></system-out>
    <system-err><![CDATA[Mockito is currently self-attaching to enable the inline-mock-maker. This will no longer work in future releases of the JDK. Please add Mockito as an agent to your build as described in Mockito's documentation: https://javadoc.io/doc/org.mockito/mockito-core/latest/org.mockito/org/mockito/Mockito.html#0.3
WARNING: A Java agent has been loaded dynamically (C:\Users\Leonardo\.m2\repository\net\bytebuddy\byte-buddy-agent\1.18.10\byte-buddy-agent-1.18.10.jar)
WARNING: If a serviceability tool is in use, please run with -XX:+EnableDynamicAgentLoading to hide this warning
WARNING: If a serviceability tool is not in use, please run with -Djdk.instrument.traceUsage for more information
WARNING: Dynamic loading of agents will be disallowed by default in a future release
]]></system-err>
  </testcase>
</testsuite>